<?xml version="1.0" encoding="UTF-8"?>
<coverage generated="1738162800297" clover="3.2.0">
  <project timestamp="1738162800297" name="All files">
    <metrics statements="15" coveredstatements="4" conditionals="19" coveredconditionals="0" methods="11" coveredmethods="1" elements="45" coveredelements="5" complexity="0" loc="15" ncloc="15" packages="2" files="3" classes="3"/>
    <package name="src">
      <metrics statements="11" coveredstatements="0" conditionals="17" coveredconditionals="0" methods="7" coveredmethods="0"/>
      <file name="App.jsx" path="C:/Users/Lorenzo Morici/Documents/GitHub/Betto-WebDeplyment/calcolatrice_test/src/App.jsx">
        <metrics statements="10" coveredstatements="0" conditionals="17" coveredconditionals="0" methods="7" coveredmethods="0"/>
        <line num="5" count="0" type="stmt"/>
        <line num="6" count="0" type="stmt"/>
        <line num="7" count="0" type="stmt"/>
        <line num="9" count="0" type="stmt"/>
        <line num="12" count="0" type="stmt"/>
        <line num="13" count="0" type="stmt"/>
        <line num="15" count="0" type="cond" truecount="0" falsecount="4"/>
        <line num="16" count="0" type="cond" truecount="0" falsecount="4"/>
        <line num="17" count="0" type="cond" truecount="0" falsecount="4"/>
        <line num="18" count="0" type="cond" truecount="0" falsecount="5"/>
      </file>
      <file name="main.jsx" path="C:/Users/Lorenzo Morici/Documents/GitHub/Betto-WebDeplyment/calcolatrice_test/src/main.jsx">
        <metrics statements="1" coveredstatements="0" conditionals="0" coveredconditionals="0" methods="0" coveredmethods="0"/>
        <line num="6" count="0" type="stmt"/>
      </file>
    </package>
    <package name="src.libs">
      <metrics statements="4" coveredstatements="4" conditionals="2" coveredconditionals="0" methods="4" coveredmethods="1"/>
      <file name="operations.js" path="C:/Users/Lorenzo Morici/Documents/GitHub/Betto-WebDeplyment/calcolatrice_test/src/libs/operations.js">
        <metrics statements="4" coveredstatements="4" conditionals="2" coveredconditionals="0" methods="4" coveredmethods="1"/>
        <line num="1" count="3" type="stmt"/>
        <line num="2" count="1" type="stmt"/>
        <line num="3" count="1" type="stmt"/>
        <line num="4" count="1" type="cond" truecount="0" falsecount="2"/>
      </file>
    </package>
  </project>
</coverage>
