{"C:/Users/Lorenzo Morici/Documents/GitHub/Betto-WebDeplyment/calcolatrice_test/src/App.jsx": {"path":"C:/Users/Lorenzo Morici/Documents/GitHub/Betto-WebDeplyment/calcolatrice_test/src/App.jsx","statementMap":{"0":{"start":{"line":5,"column":36},"end":{"line":5,"column":null}},"1":{"start":{"line":6,"column":20},"end":{"line":6,"column":null}},"2":{"start":{"line":7,"column":20},"end":{"line":7,"column":null}},"3":{"start":{"line":9,"column":2},"end":{"line":22,"column":null}},"4":{"start":{"line":12,"column":113},"end":{"line":12,"column":134}},"5":{"start":{"line":13,"column":116},"end":{"line":13,"column":137}},"6":{"start":{"line":15,"column":33},"end":{"line":15,"column":92}},"7":{"start":{"line":16,"column":33},"end":{"line":16,"column":88}},"8":{"start":{"line":17,"column":33},"end":{"line":17,"column":88}},"9":{"start":{"line":18,"column":33},"end":{"line":18,"column":99}}},"fnMap":{"0":{"name":"App","decl":{"start":{"line":4,"column":9},"end":{"line":4,"column":15}},"loc":{"start":{"line":4,"column":15},"end":{"line":24,"column":null}}},"1":{"name":"(anonymous_1)","decl":{"start":{"line":12,"column":106},"end":{"line":12,"column":107}},"loc":{"start":{"line":12,"column":113},"end":{"line":12,"column":134}}},"2":{"name":"(anonymous_2)","decl":{"start":{"line":13,"column":109},"end":{"line":13,"column":110}},"loc":{"start":{"line":13,"column":116},"end":{"line":13,"column":137}}},"3":{"name":"(anonymous_3)","decl":{"start":{"line":15,"column":27},"end":{"line":15,"column":33}},"loc":{"start":{"line":15,"column":33},"end":{"line":15,"column":92}}},"4":{"name":"(anonymous_4)","decl":{"start":{"line":16,"column":27},"end":{"line":16,"column":33}},"loc":{"start":{"line":16,"column":33},"end":{"line":16,"column":88}}},"5":{"name":"(anonymous_5)","decl":{"start":{"line":17,"column":27},"end":{"line":17,"column":33}},"loc":{"start":{"line":17,"column":33},"end":{"line":17,"column":88}}},"6":{"name":"(anonymous_6)","decl":{"start":{"line":18,"column":27},"end":{"line":18,"column":33}},"loc":{"start":{"line":18,"column":33},"end":{"line":18,"column":99}}}},"branchMap":{"0":{"loc":{"start":{"line":15,"column":46},"end":{"line":15,"column":89}},"type":"cond-expr","locations":[{"start":{"line":15,"column":69},"end":{"line":15,"column":80}},{"start":{"line":15,"column":80},"end":{"line":15,"column":89}}]},"1":{"loc":{"start":{"line":15,"column":46},"end":{"line":15,"column":69}},"type":"binary-expr","locations":[{"start":{"line":15,"column":46},"end":{"line":15,"column":58}},{"start":{"line":15,"column":58},"end":{"line":15,"column":69}}]},"2":{"loc":{"start":{"line":16,"column":46},"end":{"line":16,"column":85}},"type":"cond-expr","locations":[{"start":{"line":16,"column":69},"end":{"line":16,"column":80}},{"start":{"line":16,"column":80},"end":{"line":16,"column":85}}]},"3":{"loc":{"start":{"line":16,"column":46},"end":{"line":16,"column":69}},"type":"binary-expr","locations":[{"start":{"line":16,"column":46},"end":{"line":16,"column":58}},{"start":{"line":16,"column":58},"end":{"line":16,"column":69}}]},"4":{"loc":{"start":{"line":17,"column":46},"end":{"line":17,"column":85}},"type":"cond-expr","locations":[{"start":{"line":17,"column":69},"end":{"line":17,"column":80}},{"start":{"line":17,"column":80},"end":{"line":17,"column":85}}]},"5":{"loc":{"start":{"line":17,"column":46},"end":{"line":17,"column":69}},"type":"binary-expr","locations":[{"start":{"line":17,"column":46},"end":{"line":17,"column":58}},{"start":{"line":17,"column":58},"end":{"line":17,"column":69}}]},"6":{"loc":{"start":{"line":18,"column":46},"end":{"line":18,"column":96}},"type":"cond-expr","locations":[{"start":{"line":18,"column":80},"end":{"line":18,"column":91}},{"start":{"line":18,"column":91},"end":{"line":18,"column":96}}]},"7":{"loc":{"start":{"line":18,"column":46},"end":{"line":18,"column":80}},"type":"binary-expr","locations":[{"start":{"line":18,"column":46},"end":{"line":18,"column":58}},{"start":{"line":18,"column":58},"end":{"line":18,"column":70}},{"start":{"line":18,"column":70},"end":{"line":18,"column":80}}]}},"s":{"0":0,"1":0,"2":0,"3":0,"4":0,"5":0,"6":0,"7":0,"8":0,"9":0},"f":{"0":0,"1":0,"2":0,"3":0,"4":0,"5":0,"6":0},"b":{"0":[0,0],"1":[0,0],"2":[0,0],"3":[0,0],"4":[0,0],"5":[0,0],"6":[0,0],"7":[0,0,0]}}
,"C:/Users/Lorenzo Morici/Documents/GitHub/Betto-WebDeplyment/calcolatrice_test/src/main.jsx": {"path":"C:/Users/Lorenzo Morici/Documents/GitHub/Betto-WebDeplyment/calcolatrice_test/src/main.jsx","statementMap":{"0":{"start":{"line":6,"column":0},"end":{"line":10,"column":null}}},"fnMap":{},"branchMap":{},"s":{"0":0},"f":{},"b":{}}
,"C:/Users/Lorenzo Morici/Documents/GitHub/Betto-WebDeplyment/calcolatrice_test/src/libs/operations.js": {"path":"C:/Users/Lorenzo Morici/Documents/GitHub/Betto-WebDeplyment/calcolatrice_test/src/libs/operations.js","statementMap":{"0":{"start":{"line":1,"column":19},"end":{"line":1,"column":33}},"1":{"start":{"line":1,"column":28},"end":{"line":1,"column":33}},"2":{"start":{"line":2,"column":19},"end":{"line":2,"column":33}},"3":{"start":{"line":2,"column":28},"end":{"line":2,"column":33}},"4":{"start":{"line":3,"column":19},"end":{"line":3,"column":33}},"5":{"start":{"line":3,"column":28},"end":{"line":3,"column":33}},"6":{"start":{"line":4,"column":19},"end":{"line":4,"column":53}},"7":{"start":{"line":4,"column":28},"end":{"line":4,"column":53}}},"fnMap":{"0":{"name":"(anonymous_0)","decl":{"start":{"line":1,"column":19},"end":{"line":1,"column":20}},"loc":{"start":{"line":1,"column":28},"end":{"line":1,"column":33}}},"1":{"name":"(anonymous_1)","decl":{"start":{"line":2,"column":19},"end":{"line":2,"column":20}},"loc":{"start":{"line":2,"column":28},"end":{"line":2,"column":33}}},"2":{"name":"(anonymous_2)","decl":{"start":{"line":3,"column":19},"end":{"line":3,"column":20}},"loc":{"start":{"line":3,"column":28},"end":{"line":3,"column":33}}},"3":{"name":"(anonymous_3)","decl":{"start":{"line":4,"column":19},"end":{"line":4,"column":20}},"loc":{"start":{"line":4,"column":28},"end":{"line":4,"column":53}}}},"branchMap":{"0":{"loc":{"start":{"line":4,"column":28},"end":{"line":4,"column":53}},"type":"cond-expr","locations":[{"start":{"line":4,"column":38},"end":{"line":4,"column":45}},{"start":{"line":4,"column":48},"end":{"line":4,"column":53}}]}},"s":{"0":1,"1":3,"2":1,"3":0,"4":1,"5":0,"6":1,"7":0},"f":{"0":3,"1":0,"2":0,"3":0},"b":{"0":[0,0]}}
}
